This file contains any messages produced by compilers while
running configure, to aid debugging if configure makes a mistake.

It was created by lundftpd configure 3.17, which was
generated by GNU Autoconf 2.64.  Invocation command line was

  $ ./configure 

## --------- ##
## Platform. ##
## --------- ##

hostname = gmagoon-Inspiron-3558
uname -m = x86_64
uname -r = 4.15.0-65-generic
uname -s = Linux
uname -v = #74-Ubuntu SMP Tue Sep 17 17:06:04 UTC 2019

/usr/bin/uname -p = unknown
/bin/uname -X     = unknown

/bin/arch              = unknown
/usr/bin/arch -k       = unknown
/usr/convex/getsysinfo = unknown
/usr/bin/hostinfo      = unknown
/bin/machine           = unknown
/usr/bin/oslevel       = unknown
/bin/universe          = unknown

PATH: /home/gmagoon/.local/bin
PATH: /usr/local/sbin
PATH: /usr/local/bin
PATH: /usr/sbin
PATH: /usr/bin
PATH: /sbin
PATH: /bin
PATH: /usr/games
PATH: /usr/local/games
PATH: /usr/lib/jvm/java-8-oracle/bin
PATH: /usr/lib/jvm/java-8-oracle/db/bin
PATH: /usr/lib/jvm/java-8-oracle/jre/bin


## ----------- ##
## Core tests. ##
## ----------- ##

configure:2212: checking for a BSD-compatible install
configure:2280: result: /usr/bin/install -c
configure:2291: checking whether build environment is sane
configure:2341: result: yes
configure:2482: checking for a thread-safe mkdir -p
configure:2521: result: /bin/mkdir -p
configure:2534: checking for gawk
configure:2550: found /usr/bin/gawk
configure:2561: result: gawk
configure:2572: checking whether make sets $(MAKE)
configure:2594: result: yes
configure:2736: checking for gcc
configure:2752: found /usr/bin/gcc
configure:2763: result: gcc
configure:2992: checking for C compiler version
configure:3001: gcc --version >&5
gcc (Ubuntu 7.4.0-1ubuntu1~18.04.1) 7.4.0
Copyright (C) 2017 Free Software Foundation, Inc.
This is free software; see the source for copying conditions.  There is NO
warranty; not even for MERCHANTABILITY or FITNESS FOR A PARTICULAR PURPOSE.

configure:3012: $? = 0
configure:3001: gcc -v >&5
Using built-in specs.
COLLECT_GCC=gcc
COLLECT_LTO_WRAPPER=/usr/lib/gcc/x86_64-linux-gnu/7/lto-wrapper
OFFLOAD_TARGET_NAMES=nvptx-none
OFFLOAD_TARGET_DEFAULT=1
Target: x86_64-linux-gnu
Configured with: ../src/configure -v --with-pkgversion='Ubuntu 7.4.0-1ubuntu1~18.04.1' --with-bugurl=file:///usr/share/doc/gcc-7/README.Bugs --enable-languages=c,ada,c++,go,brig,d,fortran,objc,obj-c++ --prefix=/usr --with-gcc-major-version-only --program-suffix=-7 --program-prefix=x86_64-linux-gnu- --enable-shared --enable-linker-build-id --libexecdir=/usr/lib --without-included-gettext --enable-threads=posix --libdir=/usr/lib --enable-nls --with-sysroot=/ --enable-clocale=gnu --enable-libstdcxx-debug --enable-libstdcxx-time=yes --with-default-libstdcxx-abi=new --enable-gnu-unique-object --disable-vtable-verify --enable-libmpx --enable-plugin --enable-default-pie --with-system-zlib --with-target-system-zlib --enable-objc-gc=auto --enable-multiarch --disable-werror --with-arch-32=i686 --with-abi=m64 --with-multilib-list=m32,m64,mx32 --enable-multilib --with-tune=generic --enable-offload-targets=nvptx-none --without-cuda-driver --enable-checking=release --build=x86_64-linux-gnu --host=x86_64-linux-gnu --target=x86_64-linux-gnu
Thread model: posix
gcc version 7.4.0 (Ubuntu 7.4.0-1ubuntu1~18.04.1) 
configure:3012: $? = 0
configure:3001: gcc -V >&5
gcc: error: unrecognized command line option '-V'
gcc: fatal error: no input files
compilation terminated.
configure:3012: $? = 1
configure:3001: gcc -qversion >&5
gcc: error: unrecognized command line option '-qversion'; did you mean '--version'?
gcc: fatal error: no input files
compilation terminated.
configure:3012: $? = 1
configure:3034: checking for C compiler default output file name
configure:3056: gcc    conftest.c  >&5
configure:3060: $? = 0
configure:3097: result: a.out
configure:3113: checking whether the C compiler works
configure:3122: ./a.out
configure:3126: $? = 0
configure:3141: result: yes
configure:3148: checking whether we are cross compiling
configure:3150: result: no
configure:3153: checking for suffix of executables
configure:3160: gcc -o conftest    conftest.c  >&5
configure:3164: $? = 0
configure:3186: result: 
configure:3192: checking for suffix of object files
configure:3214: gcc -c   conftest.c >&5
configure:3218: $? = 0
configure:3239: result: o
configure:3243: checking whether we are using the GNU C compiler
configure:3262: gcc -c   conftest.c >&5
configure:3262: $? = 0
configure:3271: result: yes
configure:3280: checking whether gcc accepts -g
configure:3300: gcc -c -g  conftest.c >&5
configure:3300: $? = 0
configure:3341: result: yes
configure:3358: checking for gcc option to accept ISO C89
configure:3422: gcc  -c -g -O2  conftest.c >&5
configure:3422: $? = 0
configure:3435: result: none needed
configure:3466: checking for style of include used by make
configure:3494: result: GNU
configure:3519: checking dependency style of gcc
configure:3629: result: gcc3
configure:3647: checking for build
configure:3677: result: no
configure:3695: checking return type of signal handlers
configure:3713: gcc -c -g -O2 -I../lion/src/ -I../lion/contrib/libdirlist/  conftest.c >&5
conftest.c: In function 'main':
conftest.c:17:10: error: void value not ignored as it ought to be
 return *(signal (0, 0)) (0) == 1;
         ~^~~~~~~~~~~~~~~~~~
configure:3713: $? = 1
configure: failed program was:
| /* confdefs.h */
| #define PACKAGE_NAME "lundftpd"
| #define PACKAGE_TARNAME "lundftpd"
| #define PACKAGE_VERSION "3.17"
| #define PACKAGE_STRING "lundftpd 3.17"
| #define PACKAGE_BUGREPORT "bug-report@lundman.net"
| #define PACKAGE_URL ""
| #define PACKAGE "lundftpd"
| #define VERSION "3.17"
| /* end confdefs.h.  */
| #include <sys/types.h>
| #include <signal.h>
| 
| int
| main ()
| {
| return *(signal (0, 0)) (0) == 1;
|   ;
|   return 0;
| }
configure:3720: result: void
configure:3729: checking whether time.h and sys/time.h may both be included
configure:3749: gcc -c -g -O2 -I../lion/src/ -I../lion/contrib/libdirlist/  conftest.c >&5
configure:3749: $? = 0
configure:3756: result: yes
configure:3770: checking how to run the C preprocessor
configure:3801: gcc -E  conftest.c
configure:3801: $? = 0
configure:3815: gcc -E  conftest.c
conftest.c:13:10: fatal error: ac_nonexistent.h: No such file or directory
 #include <ac_nonexistent.h>
          ^~~~~~~~~~~~~~~~~~
compilation terminated.
configure:3815: $? = 1
configure: failed program was:
| /* confdefs.h */
| #define PACKAGE_NAME "lundftpd"
| #define PACKAGE_TARNAME "lundftpd"
| #define PACKAGE_VERSION "3.17"
| #define PACKAGE_STRING "lundftpd 3.17"
| #define PACKAGE_BUGREPORT "bug-report@lundman.net"
| #define PACKAGE_URL ""
| #define PACKAGE "lundftpd"
| #define VERSION "3.17"
| #define RETSIGTYPE void
| #define TIME_WITH_SYS_TIME 1
| /* end confdefs.h.  */
| #include <ac_nonexistent.h>
configure:3840: result: gcc -E
configure:3860: gcc -E  conftest.c
configure:3860: $? = 0
configure:3874: gcc -E  conftest.c
conftest.c:13:10: fatal error: ac_nonexistent.h: No such file or directory
 #include <ac_nonexistent.h>
          ^~~~~~~~~~~~~~~~~~
compilation terminated.
configure:3874: $? = 1
configure: failed program was:
| /* confdefs.h */
| #define PACKAGE_NAME "lundftpd"
| #define PACKAGE_TARNAME "lundftpd"
| #define PACKAGE_VERSION "3.17"
| #define PACKAGE_STRING "lundftpd 3.17"
| #define PACKAGE_BUGREPORT "bug-report@lundman.net"
| #define PACKAGE_URL ""
| #define PACKAGE "lundftpd"
| #define VERSION "3.17"
| #define RETSIGTYPE void
| #define TIME_WITH_SYS_TIME 1
| /* end confdefs.h.  */
| #include <ac_nonexistent.h>
configure:3903: checking for grep that handles long lines and -e
configure:3961: result: /bin/grep
configure:3966: checking for egrep
configure:4028: result: /bin/grep -E
configure:4033: checking for ANSI C header files
configure:4053: gcc -c -g -O2 -I../lion/src/ -I../lion/contrib/libdirlist/  conftest.c >&5
configure:4053: $? = 0
configure:4126: gcc -o conftest -g -O2 -I../lion/src/ -I../lion/contrib/libdirlist/   conftest.c  >&5
configure:4126: $? = 0
configure:4126: ./conftest
configure:4126: $? = 0
configure:4137: result: yes
configure:4150: checking for sys/types.h
configure:4150: gcc -c -g -O2 -I../lion/src/ -I../lion/contrib/libdirlist/  conftest.c >&5
configure:4150: $? = 0
configure:4150: result: yes
configure:4150: checking for sys/stat.h
configure:4150: gcc -c -g -O2 -I../lion/src/ -I../lion/contrib/libdirlist/  conftest.c >&5
configure:4150: $? = 0
configure:4150: result: yes
configure:4150: checking for stdlib.h
configure:4150: gcc -c -g -O2 -I../lion/src/ -I../lion/contrib/libdirlist/  conftest.c >&5
configure:4150: $? = 0
configure:4150: result: yes
configure:4150: checking for string.h
configure:4150: gcc -c -g -O2 -I../lion/src/ -I../lion/contrib/libdirlist/  conftest.c >&5
configure:4150: $? = 0
configure:4150: result: yes
configure:4150: checking for memory.h
configure:4150: gcc -c -g -O2 -I../lion/src/ -I../lion/contrib/libdirlist/  conftest.c >&5
configure:4150: $? = 0
configure:4150: result: yes
configure:4150: checking for strings.h
configure:4150: gcc -c -g -O2 -I../lion/src/ -I../lion/contrib/libdirlist/  conftest.c >&5
configure:4150: $? = 0
configure:4150: result: yes
configure:4150: checking for inttypes.h
configure:4150: gcc -c -g -O2 -I../lion/src/ -I../lion/contrib/libdirlist/  conftest.c >&5
configure:4150: $? = 0
configure:4150: result: yes
configure:4150: checking for stdint.h
configure:4150: gcc -c -g -O2 -I../lion/src/ -I../lion/contrib/libdirlist/  conftest.c >&5
configure:4150: $? = 0
configure:4150: result: yes
configure:4150: checking for unistd.h
configure:4150: gcc -c -g -O2 -I../lion/src/ -I../lion/contrib/libdirlist/  conftest.c >&5
configure:4150: $? = 0
configure:4150: result: yes
configure:4166: checking stdarg.h usability
configure:4166: gcc -c -g -O2 -I../lion/src/ -I../lion/contrib/libdirlist/  conftest.c >&5
configure:4166: $? = 0
configure:4166: result: yes
configure:4166: checking stdarg.h presence
configure:4166: gcc -E  conftest.c
configure:4166: $? = 0
configure:4166: result: yes
configure:4166: checking for stdarg.h
configure:4166: result: yes
configure:4166: checking varargs.h usability
configure:4166: gcc -c -g -O2 -I../lion/src/ -I../lion/contrib/libdirlist/  conftest.c >&5
In file included from conftest.c:57:0:
/usr/lib/gcc/x86_64-linux-gnu/7/include/varargs.h:4:2: error: #error "GCC no longer implements <varargs.h>."
 #error "GCC no longer implements <varargs.h>."
  ^~~~~
/usr/lib/gcc/x86_64-linux-gnu/7/include/varargs.h:5:2: error: #error "Revise your code to use <stdarg.h>."
 #error "Revise your code to use <stdarg.h>."
  ^~~~~
configure:4166: $? = 1
configure: failed program was:
| /* confdefs.h */
| #define PACKAGE_NAME "lundftpd"
| #define PACKAGE_TARNAME "lundftpd"
| #define PACKAGE_VERSION "3.17"
| #define PACKAGE_STRING "lundftpd 3.17"
| #define PACKAGE_BUGREPORT "bug-report@lundman.net"
| #define PACKAGE_URL ""
| #define PACKAGE "lundftpd"
| #define VERSION "3.17"
| #define RETSIGTYPE void
| #define TIME_WITH_SYS_TIME 1
| #define STDC_HEADERS 1
| #define HAVE_SYS_TYPES_H 1
| #define HAVE_SYS_STAT_H 1
| #define HAVE_STDLIB_H 1
| #define HAVE_STRING_H 1
| #define HAVE_MEMORY_H 1
| #define HAVE_STRINGS_H 1
| #define HAVE_INTTYPES_H 1
| #define HAVE_STDINT_H 1
| #define HAVE_UNISTD_H 1
| #define HAVE_STDARG_H 1
| /* end confdefs.h.  */
| #include <stdio.h>
| #ifdef HAVE_SYS_TYPES_H
| # include <sys/types.h>
| #endif
| #ifdef HAVE_SYS_STAT_H
| # include <sys/stat.h>
| #endif
| #ifdef STDC_HEADERS
| # include <stdlib.h>
| # include <stddef.h>
| #else
| # ifdef HAVE_STDLIB_H
| #  include <stdlib.h>
| # endif
| #endif
| #ifdef HAVE_STRING_H
| # if !defined STDC_HEADERS && defined HAVE_MEMORY_H
| #  include <memory.h>
| # endif
| # include <string.h>
| #endif
| #ifdef HAVE_STRINGS_H
| # include <strings.h>
| #endif
| #ifdef HAVE_INTTYPES_H
| # include <inttypes.h>
| #endif
| #ifdef HAVE_STDINT_H
| # include <stdint.h>
| #endif
| #ifdef HAVE_UNISTD_H
| # include <unistd.h>
| #endif
| #include <varargs.h>
configure:4166: result: no
configure:4166: checking varargs.h presence
configure:4166: gcc -E  conftest.c
In file included from conftest.c:24:0:
/usr/lib/gcc/x86_64-linux-gnu/7/include/varargs.h:4:2: error: #error "GCC no longer implements <varargs.h>."
 #error "GCC no longer implements <varargs.h>."
  ^~~~~
/usr/lib/gcc/x86_64-linux-gnu/7/include/varargs.h:5:2: error: #error "Revise your code to use <stdarg.h>."
 #error "Revise your code to use <stdarg.h>."
  ^~~~~
configure:4166: $? = 1
configure: failed program was:
| /* confdefs.h */
| #define PACKAGE_NAME "lundftpd"
| #define PACKAGE_TARNAME "lundftpd"
| #define PACKAGE_VERSION "3.17"
| #define PACKAGE_STRING "lundftpd 3.17"
| #define PACKAGE_BUGREPORT "bug-report@lundman.net"
| #define PACKAGE_URL ""
| #define PACKAGE "lundftpd"
| #define VERSION "3.17"
| #define RETSIGTYPE void
| #define TIME_WITH_SYS_TIME 1
| #define STDC_HEADERS 1
| #define HAVE_SYS_TYPES_H 1
| #define HAVE_SYS_STAT_H 1
| #define HAVE_STDLIB_H 1
| #define HAVE_STRING_H 1
| #define HAVE_MEMORY_H 1
| #define HAVE_STRINGS_H 1
| #define HAVE_INTTYPES_H 1
| #define HAVE_STDINT_H 1
| #define HAVE_UNISTD_H 1
| #define HAVE_STDARG_H 1
| /* end confdefs.h.  */
| #include <varargs.h>
configure:4166: result: no
configure:4166: checking for varargs.h
configure:4166: result: no
configure:4166: checking sys/time.h usability
configure:4166: gcc -c -g -O2 -I../lion/src/ -I../lion/contrib/libdirlist/  conftest.c >&5
configure:4166: $? = 0
configure:4166: result: yes
configure:4166: checking sys/time.h presence
configure:4166: gcc -E  conftest.c
configure:4166: $? = 0
configure:4166: result: yes
configure:4166: checking for sys/time.h
configure:4166: result: yes
configure:4166: checking for sys/types.h
configure:4166: result: yes
configure:4166: checking dirent.h usability
configure:4166: gcc -c -g -O2 -I../lion/src/ -I../lion/contrib/libdirlist/  conftest.c >&5
configure:4166: $? = 0
configure:4166: result: yes
configure:4166: checking dirent.h presence
configure:4166: gcc -E  conftest.c
configure:4166: $? = 0
configure:4166: result: yes
configure:4166: checking for dirent.h
configure:4166: result: yes
configure:4166: checking sys/file.h usability
configure:4166: gcc -c -g -O2 -I../lion/src/ -I../lion/contrib/libdirlist/  conftest.c >&5
configure:4166: $? = 0
configure:4166: result: yes
configure:4166: checking sys/file.h presence
configure:4166: gcc -E  conftest.c
configure:4166: $? = 0
configure:4166: result: yes
configure:4166: checking for sys/file.h
configure:4166: result: yes
configure:4166: checking sys/param.h usability
configure:4166: gcc -c -g -O2 -I../lion/src/ -I../lion/contrib/libdirlist/  conftest.c >&5
configure:4166: $? = 0
configure:4166: result: yes
configure:4166: checking sys/param.h presence
configure:4166: gcc -E  conftest.c
configure:4166: $? = 0
configure:4166: result: yes
configure:4166: checking for sys/param.h
configure:4166: result: yes
configure:4166: checking sys/statfs.h usability
configure:4166: gcc -c -g -O2 -I../lion/src/ -I../lion/contrib/libdirlist/  conftest.c >&5
configure:4166: $? = 0
configure:4166: result: yes
configure:4166: checking sys/statfs.h presence
configure:4166: gcc -E  conftest.c
configure:4166: $? = 0
configure:4166: result: yes
configure:4166: checking for sys/statfs.h
configure:4166: result: yes
configure:4166: checking sys/vfs.h usability
configure:4166: gcc -c -g -O2 -I../lion/src/ -I../lion/contrib/libdirlist/  conftest.c >&5
configure:4166: $? = 0
configure:4166: result: yes
configure:4166: checking sys/vfs.h presence
configure:4166: gcc -E  conftest.c
configure:4166: $? = 0
configure:4166: result: yes
configure:4166: checking for sys/vfs.h
configure:4166: result: yes
configure:4166: checking sys/statvfs.h usability
configure:4166: gcc -c -g -O2 -I../lion/src/ -I../lion/contrib/libdirlist/  conftest.c >&5
configure:4166: $? = 0
configure:4166: result: yes
configure:4166: checking sys/statvfs.h presence
configure:4166: gcc -E  conftest.c
configure:4166: $? = 0
configure:4166: result: yes
configure:4166: checking for sys/statvfs.h
configure:4166: result: yes
configure:4166: checking errno.h usability
configure:4166: gcc -c -g -O2 -I../lion/src/ -I../lion/contrib/libdirlist/  conftest.c >&5
configure:4166: $? = 0
configure:4166: result: yes
configure:4166: checking errno.h presence
configure:4166: gcc -E  conftest.c
configure:4166: $? = 0
configure:4166: result: yes
configure:4166: checking for errno.h
configure:4166: result: yes
configure:4181: checking for sys/mount.h
configure:4181: gcc -c -g -O2 -I../lion/src/ -I../lion/contrib/libdirlist/  conftest.c >&5
configure:4181: $? = 0
configure:4181: result: yes
configure:4198: checking for dirent.h that defines DIR
configure:4217: gcc -c -g -O2 -I../lion/src/ -I../lion/contrib/libdirlist/  conftest.c >&5
configure:4217: $? = 0
configure:4225: result: yes
configure:4239: checking for library containing opendir
configure:4270: gcc -o conftest -g -O2 -I../lion/src/ -I../lion/contrib/libdirlist/   conftest.c  >&5
configure:4270: $? = 0
configure:4287: result: none required
configure:4356: checking for struct dirent.d_type
configure:4356: gcc -c -g -O2 -I../lion/src/ -I../lion/contrib/libdirlist/  conftest.c >&5
configure:4356: $? = 0
configure:4356: result: yes
configure:4394: checking for special C compiler options needed for large files
configure:4439: result: no
configure:4445: checking for _FILE_OFFSET_BITS value needed for large files
configure:4470: gcc -c -g -O2 -I../lion/src/ -I../lion/contrib/libdirlist/  conftest.c >&5
configure:4470: $? = 0
configure:4502: result: no
configure:4588: checking for library containing gethostbyname
configure:4619: gcc -o conftest -g -O2 -I../lion/src/ -I../lion/contrib/libdirlist/   conftest.c  >&5
configure:4619: $? = 0
configure:4636: result: none required
configure:4644: checking for library containing socket
configure:4675: gcc -o conftest -g -O2 -I../lion/src/ -I../lion/contrib/libdirlist/   conftest.c  >&5
configure:4675: $? = 0
configure:4692: result: none required
configure:4700: checking for library containing crypt
configure:4731: gcc -o conftest -g -O2 -I../lion/src/ -I../lion/contrib/libdirlist/   conftest.c  >&5
/tmp/ccu2i7XQ.o: In function `main':
/home/gmagoon/Downloads/lundftpd-3.17/conftest.c:47: undefined reference to `crypt'
collect2: error: ld returned 1 exit status
configure:4731: $? = 1
configure: failed program was:
| /* confdefs.h */
| #define PACKAGE_NAME "lundftpd"
| #define PACKAGE_TARNAME "lundftpd"
| #define PACKAGE_VERSION "3.17"
| #define PACKAGE_STRING "lundftpd 3.17"
| #define PACKAGE_BUGREPORT "bug-report@lundman.net"
| #define PACKAGE_URL ""
| #define PACKAGE "lundftpd"
| #define VERSION "3.17"
| #define RETSIGTYPE void
| #define TIME_WITH_SYS_TIME 1
| #define STDC_HEADERS 1
| #define HAVE_SYS_TYPES_H 1
| #define HAVE_SYS_STAT_H 1
| #define HAVE_STDLIB_H 1
| #define HAVE_STRING_H 1
| #define HAVE_MEMORY_H 1
| #define HAVE_STRINGS_H 1
| #define HAVE_INTTYPES_H 1
| #define HAVE_STDINT_H 1
| #define HAVE_UNISTD_H 1
| #define HAVE_STDARG_H 1
| #define HAVE_SYS_TIME_H 1
| #define HAVE_SYS_TYPES_H 1
| #define HAVE_DIRENT_H 1
| #define HAVE_SYS_FILE_H 1
| #define HAVE_SYS_PARAM_H 1
| #define HAVE_SYS_STATFS_H 1
| #define HAVE_SYS_VFS_H 1
| #define HAVE_SYS_STATVFS_H 1
| #define HAVE_ERRNO_H 1
| #define HAVE_SYS_MOUNT_H 1
| #define HAVE_DIRENT_H 1
| #define HAVE_STRUCT_DIRENT_D_TYPE 1
| /* end confdefs.h.  */
| 
| /* Override any GCC internal prototype to avoid an error.
|    Use char because int might match the return type of a GCC
|    builtin and then its argument prototype would still apply.  */
| #ifdef __cplusplus
| extern "C"
| #endif
| char crypt ();
| int
| main ()
| {
| return crypt ();
|   ;
|   return 0;
| }
configure:4731: gcc -o conftest -g -O2 -I../lion/src/ -I../lion/contrib/libdirlist/   conftest.c -lcrypt   >&5
configure:4731: $? = 0
configure:4748: result: -lcrypt
configure:4757: checking for snprintf
configure:4757: gcc -o conftest -g -O2 -I../lion/src/ -I../lion/contrib/libdirlist/   conftest.c -lcrypt  >&5
conftest.c:59:6: warning: conflicting types for built-in function 'snprintf' [-Wbuiltin-declaration-mismatch]
 char snprintf ();
      ^~~~~~~~
configure:4757: $? = 0
configure:4757: result: yes
configure:4773: checking db.h usability
configure:4773: gcc -c -g -O2 -I../lion/src/ -I../lion/contrib/libdirlist/  conftest.c >&5
conftest.c:70:10: fatal error: db.h: No such file or directory
 #include <db.h>
          ^~~~~~
compilation terminated.
configure:4773: $? = 1
configure: failed program was:
| /* confdefs.h */
| #define PACKAGE_NAME "lundftpd"
| #define PACKAGE_TARNAME "lundftpd"
| #define PACKAGE_VERSION "3.17"
| #define PACKAGE_STRING "lundftpd 3.17"
| #define PACKAGE_BUGREPORT "bug-report@lundman.net"
| #define PACKAGE_URL ""
| #define PACKAGE "lundftpd"
| #define VERSION "3.17"
| #define RETSIGTYPE void
| #define TIME_WITH_SYS_TIME 1
| #define STDC_HEADERS 1
| #define HAVE_SYS_TYPES_H 1
| #define HAVE_SYS_STAT_H 1
| #define HAVE_STDLIB_H 1
| #define HAVE_STRING_H 1
| #define HAVE_MEMORY_H 1
| #define HAVE_STRINGS_H 1
| #define HAVE_INTTYPES_H 1
| #define HAVE_STDINT_H 1
| #define HAVE_UNISTD_H 1
| #define HAVE_STDARG_H 1
| #define HAVE_SYS_TIME_H 1
| #define HAVE_SYS_TYPES_H 1
| #define HAVE_DIRENT_H 1
| #define HAVE_SYS_FILE_H 1
| #define HAVE_SYS_PARAM_H 1
| #define HAVE_SYS_STATFS_H 1
| #define HAVE_SYS_VFS_H 1
| #define HAVE_SYS_STATVFS_H 1
| #define HAVE_ERRNO_H 1
| #define HAVE_SYS_MOUNT_H 1
| #define HAVE_DIRENT_H 1
| #define HAVE_STRUCT_DIRENT_D_TYPE 1
| #define HAVE_SNPRINTF 1
| /* end confdefs.h.  */
| #include <stdio.h>
| #ifdef HAVE_SYS_TYPES_H
| # include <sys/types.h>
| #endif
| #ifdef HAVE_SYS_STAT_H
| # include <sys/stat.h>
| #endif
| #ifdef STDC_HEADERS
| # include <stdlib.h>
| # include <stddef.h>
| #else
| # ifdef HAVE_STDLIB_H
| #  include <stdlib.h>
| # endif
| #endif
| #ifdef HAVE_STRING_H
| # if !defined STDC_HEADERS && defined HAVE_MEMORY_H
| #  include <memory.h>
| # endif
| # include <string.h>
| #endif
| #ifdef HAVE_STRINGS_H
| # include <strings.h>
| #endif
| #ifdef HAVE_INTTYPES_H
| # include <inttypes.h>
| #endif
| #ifdef HAVE_STDINT_H
| # include <stdint.h>
| #endif
| #ifdef HAVE_UNISTD_H
| # include <unistd.h>
| #endif
| #include <db.h>
configure:4773: result: no
configure:4773: checking db.h presence
configure:4773: gcc -E  conftest.c
conftest.c:37:10: fatal error: db.h: No such file or directory
 #include <db.h>
          ^~~~~~
compilation terminated.
configure:4773: $? = 1
configure: failed program was:
| /* confdefs.h */
| #define PACKAGE_NAME "lundftpd"
| #define PACKAGE_TARNAME "lundftpd"
| #define PACKAGE_VERSION "3.17"
| #define PACKAGE_STRING "lundftpd 3.17"
| #define PACKAGE_BUGREPORT "bug-report@lundman.net"
| #define PACKAGE_URL ""
| #define PACKAGE "lundftpd"
| #define VERSION "3.17"
| #define RETSIGTYPE void
| #define TIME_WITH_SYS_TIME 1
| #define STDC_HEADERS 1
| #define HAVE_SYS_TYPES_H 1
| #define HAVE_SYS_STAT_H 1
| #define HAVE_STDLIB_H 1
| #define HAVE_STRING_H 1
| #define HAVE_MEMORY_H 1
| #define HAVE_STRINGS_H 1
| #define HAVE_INTTYPES_H 1
| #define HAVE_STDINT_H 1
| #define HAVE_UNISTD_H 1
| #define HAVE_STDARG_H 1
| #define HAVE_SYS_TIME_H 1
| #define HAVE_SYS_TYPES_H 1
| #define HAVE_DIRENT_H 1
| #define HAVE_SYS_FILE_H 1
| #define HAVE_SYS_PARAM_H 1
| #define HAVE_SYS_STATFS_H 1
| #define HAVE_SYS_VFS_H 1
| #define HAVE_SYS_STATVFS_H 1
| #define HAVE_ERRNO_H 1
| #define HAVE_SYS_MOUNT_H 1
| #define HAVE_DIRENT_H 1
| #define HAVE_STRUCT_DIRENT_D_TYPE 1
| #define HAVE_SNPRINTF 1
| /* end confdefs.h.  */
| #include <db.h>
configure:4773: result: no
configure:4773: checking for db.h
configure:4773: result: no
configure:4786: checking gdbm.h usability
configure:4786: gcc -c -g -O2 -I../lion/src/ -I../lion/contrib/libdirlist/  conftest.c >&5
conftest.c:70:10: fatal error: gdbm.h: No such file or directory
 #include <gdbm.h>
          ^~~~~~~~
compilation terminated.
configure:4786: $? = 1
configure: failed program was:
| /* confdefs.h */
| #define PACKAGE_NAME "lundftpd"
| #define PACKAGE_TARNAME "lundftpd"
| #define PACKAGE_VERSION "3.17"
| #define PACKAGE_STRING "lundftpd 3.17"
| #define PACKAGE_BUGREPORT "bug-report@lundman.net"
| #define PACKAGE_URL ""
| #define PACKAGE "lundftpd"
| #define VERSION "3.17"
| #define RETSIGTYPE void
| #define TIME_WITH_SYS_TIME 1
| #define STDC_HEADERS 1
| #define HAVE_SYS_TYPES_H 1
| #define HAVE_SYS_STAT_H 1
| #define HAVE_STDLIB_H 1
| #define HAVE_STRING_H 1
| #define HAVE_MEMORY_H 1
| #define HAVE_STRINGS_H 1
| #define HAVE_INTTYPES_H 1
| #define HAVE_STDINT_H 1
| #define HAVE_UNISTD_H 1
| #define HAVE_STDARG_H 1
| #define HAVE_SYS_TIME_H 1
| #define HAVE_SYS_TYPES_H 1
| #define HAVE_DIRENT_H 1
| #define HAVE_SYS_FILE_H 1
| #define HAVE_SYS_PARAM_H 1
| #define HAVE_SYS_STATFS_H 1
| #define HAVE_SYS_VFS_H 1
| #define HAVE_SYS_STATVFS_H 1
| #define HAVE_ERRNO_H 1
| #define HAVE_SYS_MOUNT_H 1
| #define HAVE_DIRENT_H 1
| #define HAVE_STRUCT_DIRENT_D_TYPE 1
| #define HAVE_SNPRINTF 1
| /* end confdefs.h.  */
| #include <stdio.h>
| #ifdef HAVE_SYS_TYPES_H
| # include <sys/types.h>
| #endif
| #ifdef HAVE_SYS_STAT_H
| # include <sys/stat.h>
| #endif
| #ifdef STDC_HEADERS
| # include <stdlib.h>
| # include <stddef.h>
| #else
| # ifdef HAVE_STDLIB_H
| #  include <stdlib.h>
| # endif
| #endif
| #ifdef HAVE_STRING_H
| # if !defined STDC_HEADERS && defined HAVE_MEMORY_H
| #  include <memory.h>
| # endif
| # include <string.h>
| #endif
| #ifdef HAVE_STRINGS_H
| # include <strings.h>
| #endif
| #ifdef HAVE_INTTYPES_H
| # include <inttypes.h>
| #endif
| #ifdef HAVE_STDINT_H
| # include <stdint.h>
| #endif
| #ifdef HAVE_UNISTD_H
| # include <unistd.h>
| #endif
| #include <gdbm.h>
configure:4786: result: no
configure:4786: checking gdbm.h presence
configure:4786: gcc -E  conftest.c
conftest.c:37:10: fatal error: gdbm.h: No such file or directory
 #include <gdbm.h>
          ^~~~~~~~
compilation terminated.
configure:4786: $? = 1
configure: failed program was:
| /* confdefs.h */
| #define PACKAGE_NAME "lundftpd"
| #define PACKAGE_TARNAME "lundftpd"
| #define PACKAGE_VERSION "3.17"
| #define PACKAGE_STRING "lundftpd 3.17"
| #define PACKAGE_BUGREPORT "bug-report@lundman.net"
| #define PACKAGE_URL ""
| #define PACKAGE "lundftpd"
| #define VERSION "3.17"
| #define RETSIGTYPE void
| #define TIME_WITH_SYS_TIME 1
| #define STDC_HEADERS 1
| #define HAVE_SYS_TYPES_H 1
| #define HAVE_SYS_STAT_H 1
| #define HAVE_STDLIB_H 1
| #define HAVE_STRING_H 1
| #define HAVE_MEMORY_H 1
| #define HAVE_STRINGS_H 1
| #define HAVE_INTTYPES_H 1
| #define HAVE_STDINT_H 1
| #define HAVE_UNISTD_H 1
| #define HAVE_STDARG_H 1
| #define HAVE_SYS_TIME_H 1
| #define HAVE_SYS_TYPES_H 1
| #define HAVE_DIRENT_H 1
| #define HAVE_SYS_FILE_H 1
| #define HAVE_SYS_PARAM_H 1
| #define HAVE_SYS_STATFS_H 1
| #define HAVE_SYS_VFS_H 1
| #define HAVE_SYS_STATVFS_H 1
| #define HAVE_ERRNO_H 1
| #define HAVE_SYS_MOUNT_H 1
| #define HAVE_DIRENT_H 1
| #define HAVE_STRUCT_DIRENT_D_TYPE 1
| #define HAVE_SNPRINTF 1
| /* end confdefs.h.  */
| #include <gdbm.h>
configure:4786: result: no
configure:4786: checking for gdbm.h
configure:4786: result: no
configure:4799: checking ndbm.h usability
configure:4799: gcc -c -g -O2 -I../lion/src/ -I../lion/contrib/libdirlist/  conftest.c >&5
conftest.c:70:10: fatal error: ndbm.h: No such file or directory
 #include <ndbm.h>
          ^~~~~~~~
compilation terminated.
configure:4799: $? = 1
configure: failed program was:
| /* confdefs.h */
| #define PACKAGE_NAME "lundftpd"
| #define PACKAGE_TARNAME "lundftpd"
| #define PACKAGE_VERSION "3.17"
| #define PACKAGE_STRING "lundftpd 3.17"
| #define PACKAGE_BUGREPORT "bug-report@lundman.net"
| #define PACKAGE_URL ""
| #define PACKAGE "lundftpd"
| #define VERSION "3.17"
| #define RETSIGTYPE void
| #define TIME_WITH_SYS_TIME 1
| #define STDC_HEADERS 1
| #define HAVE_SYS_TYPES_H 1
| #define HAVE_SYS_STAT_H 1
| #define HAVE_STDLIB_H 1
| #define HAVE_STRING_H 1
| #define HAVE_MEMORY_H 1
| #define HAVE_STRINGS_H 1
| #define HAVE_INTTYPES_H 1
| #define HAVE_STDINT_H 1
| #define HAVE_UNISTD_H 1
| #define HAVE_STDARG_H 1
| #define HAVE_SYS_TIME_H 1
| #define HAVE_SYS_TYPES_H 1
| #define HAVE_DIRENT_H 1
| #define HAVE_SYS_FILE_H 1
| #define HAVE_SYS_PARAM_H 1
| #define HAVE_SYS_STATFS_H 1
| #define HAVE_SYS_VFS_H 1
| #define HAVE_SYS_STATVFS_H 1
| #define HAVE_ERRNO_H 1
| #define HAVE_SYS_MOUNT_H 1
| #define HAVE_DIRENT_H 1
| #define HAVE_STRUCT_DIRENT_D_TYPE 1
| #define HAVE_SNPRINTF 1
| /* end confdefs.h.  */
| #include <stdio.h>
| #ifdef HAVE_SYS_TYPES_H
| # include <sys/types.h>
| #endif
| #ifdef HAVE_SYS_STAT_H
| # include <sys/stat.h>
| #endif
| #ifdef STDC_HEADERS
| # include <stdlib.h>
| # include <stddef.h>
| #else
| # ifdef HAVE_STDLIB_H
| #  include <stdlib.h>
| # endif
| #endif
| #ifdef HAVE_STRING_H
| # if !defined STDC_HEADERS && defined HAVE_MEMORY_H
| #  include <memory.h>
| # endif
| # include <string.h>
| #endif
| #ifdef HAVE_STRINGS_H
| # include <strings.h>
| #endif
| #ifdef HAVE_INTTYPES_H
| # include <inttypes.h>
| #endif
| #ifdef HAVE_STDINT_H
| # include <stdint.h>
| #endif
| #ifdef HAVE_UNISTD_H
| # include <unistd.h>
| #endif
| #include <ndbm.h>
configure:4799: result: no
configure:4799: checking ndbm.h presence
configure:4799: gcc -E  conftest.c
conftest.c:37:10: fatal error: ndbm.h: No such file or directory
 #include <ndbm.h>
          ^~~~~~~~
compilation terminated.
configure:4799: $? = 1
configure: failed program was:
| /* confdefs.h */
| #define PACKAGE_NAME "lundftpd"
| #define PACKAGE_TARNAME "lundftpd"
| #define PACKAGE_VERSION "3.17"
| #define PACKAGE_STRING "lundftpd 3.17"
| #define PACKAGE_BUGREPORT "bug-report@lundman.net"
| #define PACKAGE_URL ""
| #define PACKAGE "lundftpd"
| #define VERSION "3.17"
| #define RETSIGTYPE void
| #define TIME_WITH_SYS_TIME 1
| #define STDC_HEADERS 1
| #define HAVE_SYS_TYPES_H 1
| #define HAVE_SYS_STAT_H 1
| #define HAVE_STDLIB_H 1
| #define HAVE_STRING_H 1
| #define HAVE_MEMORY_H 1
| #define HAVE_STRINGS_H 1
| #define HAVE_INTTYPES_H 1
| #define HAVE_STDINT_H 1
| #define HAVE_UNISTD_H 1
| #define HAVE_STDARG_H 1
| #define HAVE_SYS_TIME_H 1
| #define HAVE_SYS_TYPES_H 1
| #define HAVE_DIRENT_H 1
| #define HAVE_SYS_FILE_H 1
| #define HAVE_SYS_PARAM_H 1
| #define HAVE_SYS_STATFS_H 1
| #define HAVE_SYS_VFS_H 1
| #define HAVE_SYS_STATVFS_H 1
| #define HAVE_ERRNO_H 1
| #define HAVE_SYS_MOUNT_H 1
| #define HAVE_DIRENT_H 1
| #define HAVE_STRUCT_DIRENT_D_TYPE 1
| #define HAVE_SNPRINTF 1
| /* end confdefs.h.  */
| #include <ndbm.h>
configure:4799: result: no
configure:4799: checking for ndbm.h
configure:4799: result: no
configure:4965: Disabling DUPECHECK ... no working db.h, gdbm.h or ndbm.h found
configure:4973: Enabling RACESTATS...
configure:4979: checking for strtoul
configure:4979: gcc -o conftest -g -O2 -I../lion/src/ -I../lion/contrib/libdirlist/ -Wall -g    conftest.c -lcrypt  >&5
configure:4979: $? = 0
configure:4979: result: yes
configure:4979: checking for strtouq
configure:4979: gcc -o conftest -g -O2 -I../lion/src/ -I../lion/contrib/libdirlist/ -Wall -g    conftest.c -lcrypt  >&5
configure:4979: $? = 0
configure:4979: result: yes
configure:4979: checking for strtoull
configure:4979: gcc -o conftest -g -O2 -I../lion/src/ -I../lion/contrib/libdirlist/ -Wall -g    conftest.c -lcrypt  >&5
configure:4979: $? = 0
configure:4979: result: yes
configure:4979: checking for strtoll
configure:4979: gcc -o conftest -g -O2 -I../lion/src/ -I../lion/contrib/libdirlist/ -Wall -g    conftest.c -lcrypt  >&5
configure:4979: $? = 0
configure:4979: result: yes
configure:5002: checking for OpenSSL directory
configure:5044: gcc -o conftest -g -O2 -I../lion/src/ -I../lion/contrib/libdirlist/ -Wall -g    conftest.c -lcrypt  -lssl -lcrypto >&5
configure:5044: $? = 0
configure:5069: result: (system)
configure:5077: Enabling IRCBOT...
configure:5097: checking whether we need extra options to link OpenSSL
configure:5128: gcc -o conftest -g -O2 -I../lion/src/ -I../lion/contrib/libdirlist/ -Wall -g     conftest.c -lcrypt  -lssl -lcrypto >&5
configure:5128: $? = 0
configure:5128: ./conftest
configure:5128: $? = 0
configure:5156: gcc -o conftest -g -O2 -I../lion/src/ -I../lion/contrib/libdirlist/ -Wall -g     conftest.c -lcrypt  -lssl -lcrypto >&5
configure:5156: $? = 0
configure:5156: ./conftest
configure:5156: $? = 0
configure:5192: result: (none)
configure:5209: checking if ctime_r need special care to act posixly correct
configure:5223: gcc -o conftest -g -O2 -I../lion/src/ -I../lion/contrib/libdirlist/ -Wall -g    conftest.c -lcrypt  -lssl -lcrypto >&5
conftest.c: In function 'main':
conftest.c:48:1: error: too many arguments to function 'ctime_r'
 ctime_r(NULL,NULL,0)
 ^~~~~~~
In file included from conftest.c:44:0:
/usr/include/time.h:153:14: note: declared here
 extern char *ctime_r (const time_t *__restrict __timer,
              ^~~~~~~
configure:5223: $? = 1
configure: failed program was:
| /* confdefs.h */
| #define PACKAGE_NAME "lundftpd"
| #define PACKAGE_TARNAME "lundftpd"
| #define PACKAGE_VERSION "3.17"
| #define PACKAGE_STRING "lundftpd 3.17"
| #define PACKAGE_BUGREPORT "bug-report@lundman.net"
| #define PACKAGE_URL ""
| #define PACKAGE "lundftpd"
| #define VERSION "3.17"
| #define RETSIGTYPE void
| #define TIME_WITH_SYS_TIME 1
| #define STDC_HEADERS 1
| #define HAVE_SYS_TYPES_H 1
| #define HAVE_SYS_STAT_H 1
| #define HAVE_STDLIB_H 1
| #define HAVE_STRING_H 1
| #define HAVE_MEMORY_H 1
| #define HAVE_STRINGS_H 1
| #define HAVE_INTTYPES_H 1
| #define HAVE_STDINT_H 1
| #define HAVE_UNISTD_H 1
| #define HAVE_STDARG_H 1
| #define HAVE_SYS_TIME_H 1
| #define HAVE_SYS_TYPES_H 1
| #define HAVE_DIRENT_H 1
| #define HAVE_SYS_FILE_H 1
| #define HAVE_SYS_PARAM_H 1
| #define HAVE_SYS_STATFS_H 1
| #define HAVE_SYS_VFS_H 1
| #define HAVE_SYS_STATVFS_H 1
| #define HAVE_ERRNO_H 1
| #define HAVE_SYS_MOUNT_H 1
| #define HAVE_DIRENT_H 1
| #define HAVE_STRUCT_DIRENT_D_TYPE 1
| #define HAVE_SNPRINTF 1
| #define RACESTATS /**/
| #define HAVE_STRTOUL 1
| #define HAVE_STRTOUQ 1
| #define HAVE_STRTOULL 1
| #define HAVE_STRTOLL 1
| #define WITH_SSL 1
| #define IRCBOT /**/
| /* end confdefs.h.  */
| #include <time.h>
| int
| main ()
| {
| ctime_r(NULL,NULL,0)
| 
|   ;
|   return 0;
| }
configure:5260: gcc -o conftest -g -O2 -I../lion/src/ -I../lion/contrib/libdirlist/ -Wall -g    conftest.c -lcrypt  -lssl -lcrypto >&5
configure:5260: $? = 0
configure:5261: result: no
configure:5403: creating ./config.status

## ---------------------- ##
## Running config.status. ##
## ---------------------- ##

This file was extended by lundftpd config.status 3.17, which was
generated by GNU Autoconf 2.64.  Invocation command line was

  CONFIG_FILES    = 
  CONFIG_HEADERS  = 
  CONFIG_LINKS    = 
  CONFIG_COMMANDS = 
  $ ./config.status 

on gmagoon-Inspiron-3558

config.status:877: creating Makefile
config.status:877: creating src/Makefile
config.status:877: creating win32/Makefile
config.status:877: creating win32/lundftpd/Makefile
config.status:877: creating win32/lundftpd/lundftpd/Makefile
config.status:877: creating eyot/Makefile
config.status:877: creating eyot/conf/Makefile
config.status:877: creating config.h
config.status:1049: config.h is unchanged
config.status:1097: executing depfiles commands
configure:6783: === configuring in lion (/home/gmagoon/Downloads/lundftpd-3.17/lion)
configure:6846: running /bin/bash ./configure --disable-option-checking '--prefix=/usr/local'  --cache-file=/dev/null --srcdir=.

## ---------------- ##
## Cache variables. ##
## ---------------- ##

ac_cv_c_compiler_gnu=yes
ac_cv_env_CC_set=
ac_cv_env_CC_value=
ac_cv_env_CFLAGS_set=
ac_cv_env_CFLAGS_value=
ac_cv_env_CPPFLAGS_set=
ac_cv_env_CPPFLAGS_value=
ac_cv_env_CPP_set=
ac_cv_env_CPP_value=
ac_cv_env_LDFLAGS_set=
ac_cv_env_LDFLAGS_value=
ac_cv_env_LIBS_set=
ac_cv_env_LIBS_value=
ac_cv_env_build_alias_set=
ac_cv_env_build_alias_value=
ac_cv_env_host_alias_set=
ac_cv_env_host_alias_value=
ac_cv_env_target_alias_set=
ac_cv_env_target_alias_value=
ac_cv_func_snprintf=yes
ac_cv_func_strtoll=yes
ac_cv_func_strtoul=yes
ac_cv_func_strtoull=yes
ac_cv_func_strtouq=yes
ac_cv_header_db_h=no
ac_cv_header_dirent_dirent_h=yes
ac_cv_header_dirent_h=yes
ac_cv_header_errno_h=yes
ac_cv_header_gdbm_h=no
ac_cv_header_inttypes_h=yes
ac_cv_header_memory_h=yes
ac_cv_header_ndbm_h=no
ac_cv_header_stdarg_h=yes
ac_cv_header_stdc=yes
ac_cv_header_stdint_h=yes
ac_cv_header_stdlib_h=yes
ac_cv_header_string_h=yes
ac_cv_header_strings_h=yes
ac_cv_header_sys_file_h=yes
ac_cv_header_sys_mount_h=yes
ac_cv_header_sys_param_h=yes
ac_cv_header_sys_stat_h=yes
ac_cv_header_sys_statfs_h=yes
ac_cv_header_sys_statvfs_h=yes
ac_cv_header_sys_time_h=yes
ac_cv_header_sys_types_h=yes
ac_cv_header_sys_vfs_h=yes
ac_cv_header_time=yes
ac_cv_header_unistd_h=yes
ac_cv_header_varargs_h=no
ac_cv_member_struct_dirent_d_type=yes
ac_cv_objext=o
ac_cv_openssl_dir='(system)'
ac_cv_openssl_linker_option='(none)'
ac_cv_path_EGREP='/bin/grep -E'
ac_cv_path_GREP=/bin/grep
ac_cv_path_install='/usr/bin/install -c'
ac_cv_path_mkdir=/bin/mkdir
ac_cv_prog_AWK=gawk
ac_cv_prog_CPP='gcc -E'
ac_cv_prog_ac_ct_CC=gcc
ac_cv_prog_cc_c89=
ac_cv_prog_cc_g=yes
ac_cv_prog_make_make_set=yes
ac_cv_search_crypt=-lcrypt
ac_cv_search_gethostbyname='none required'
ac_cv_search_opendir='none required'
ac_cv_search_socket='none required'
ac_cv_sys_file_offset_bits=no
ac_cv_sys_largefile_CC=no
ac_cv_type_signal=void
am_cv_CC_dependencies_compiler_type=gcc3

## ----------------- ##
## Output variables. ##
## ----------------- ##

ACLOCAL='${SHELL} /home/gmagoon/Downloads/lundftpd-3.17/build-aux/missing --run aclocal-1.11'
AMDEPBACKSLASH='\'
AMDEP_FALSE='#'
AMDEP_TRUE=''
AMTAR='${SHELL} /home/gmagoon/Downloads/lundftpd-3.17/build-aux/missing --run tar'
AUTOCONF='${SHELL} /home/gmagoon/Downloads/lundftpd-3.17/build-aux/missing --run autoconf'
AUTOHEADER='${SHELL} /home/gmagoon/Downloads/lundftpd-3.17/build-aux/missing --run autoheader'
AUTOMAKE='${SHELL} /home/gmagoon/Downloads/lundftpd-3.17/build-aux/missing --run automake-1.11'
AWK='gawk'
BUILD=''
CC='gcc'
CCDEPMODE='depmode=gcc3'
CFLAGS='-g -O2 -I../lion/src/ -I../lion/contrib/libdirlist/ -Wall -g '
CPP='gcc -E'
CPPFLAGS=''
CYGPATH_W='echo'
DEFS='-DHAVE_CONFIG_H'
DEPDIR='.deps'
ECHO_C=''
ECHO_N='-n'
ECHO_T=''
EGREP='/bin/grep -E'
EXEEXT=''
GREP='/bin/grep'
INSTALL_DATA='${INSTALL} -m 644'
INSTALL_PROGRAM='${INSTALL}'
INSTALL_SCRIPT='${INSTALL}'
INSTALL_STRIP_PROGRAM='$(install_sh) -c -s'
LDFLAGS=''
LIBOBJS=''
LIBS='-lcrypt  -lssl -lcrypto'
LTLIBOBJS=''
MAKEINFO='${SHELL} /home/gmagoon/Downloads/lundftpd-3.17/build-aux/missing --run makeinfo'
MKDIR_P='/bin/mkdir -p'
OBJEXT='o'
PACKAGE='lundftpd'
PACKAGE_BUGREPORT='bug-report@lundman.net'
PACKAGE_NAME='lundftpd'
PACKAGE_STRING='lundftpd 3.17'
PACKAGE_TARNAME='lundftpd'
PACKAGE_URL=''
PACKAGE_VERSION='3.17'
PATH_SEPARATOR=':'
SET_MAKE=''
SHELL='/bin/bash'
STRIP=''
VERSION='3.17'
ac_ct_CC='gcc'
am__EXEEXT_FALSE=''
am__EXEEXT_TRUE='#'
am__fastdepCC_FALSE='#'
am__fastdepCC_TRUE=''
am__include='include'
am__isrc=''
am__leading_dot='.'
am__quote=''
am__tar='${AMTAR} chof - "$$tardir"'
am__untar='${AMTAR} xf -'
bindir='${exec_prefix}/bin'
build_alias=''
datadir='${datarootdir}'
datarootdir='${prefix}/share'
docdir='${datarootdir}/doc/${PACKAGE_TARNAME}'
dvidir='${docdir}'
exec_prefix='${prefix}'
host_alias=''
htmldir='${docdir}'
includedir='${prefix}/include'
infodir='${datarootdir}/info'
install_sh='${SHELL} /home/gmagoon/Downloads/lundftpd-3.17/build-aux/install-sh'
libdir='${exec_prefix}/lib'
libexecdir='${exec_prefix}/libexec'
localedir='${datarootdir}/locale'
localstatedir='${prefix}/var'
mandir='${datarootdir}/man'
mkdir_p='/bin/mkdir -p'
oldincludedir='/usr/include'
pdfdir='${docdir}'
prefix='/usr/local'
program_transform_name='s,x,x,'
psdir='${docdir}'
sbindir='${exec_prefix}/sbin'
sharedstatedir='${prefix}/com'
subdirs=' lion'
sysconfdir='${prefix}/etc'
target_alias=''

## ----------- ##
## confdefs.h. ##
## ----------- ##

/* confdefs.h */
#define PACKAGE_NAME "lundftpd"
#define PACKAGE_TARNAME "lundftpd"
#define PACKAGE_VERSION "3.17"
#define PACKAGE_STRING "lundftpd 3.17"
#define PACKAGE_BUGREPORT "bug-report@lundman.net"
#define PACKAGE_URL ""
#define PACKAGE "lundftpd"
#define VERSION "3.17"
#define RETSIGTYPE void
#define TIME_WITH_SYS_TIME 1
#define STDC_HEADERS 1
#define HAVE_SYS_TYPES_H 1
#define HAVE_SYS_STAT_H 1
#define HAVE_STDLIB_H 1
#define HAVE_STRING_H 1
#define HAVE_MEMORY_H 1
#define HAVE_STRINGS_H 1
#define HAVE_INTTYPES_H 1
#define HAVE_STDINT_H 1
#define HAVE_UNISTD_H 1
#define HAVE_STDARG_H 1
#define HAVE_SYS_TIME_H 1
#define HAVE_SYS_TYPES_H 1
#define HAVE_DIRENT_H 1
#define HAVE_SYS_FILE_H 1
#define HAVE_SYS_PARAM_H 1
#define HAVE_SYS_STATFS_H 1
#define HAVE_SYS_VFS_H 1
#define HAVE_SYS_STATVFS_H 1
#define HAVE_ERRNO_H 1
#define HAVE_SYS_MOUNT_H 1
#define HAVE_DIRENT_H 1
#define HAVE_STRUCT_DIRENT_D_TYPE 1
#define HAVE_SNPRINTF 1
#define RACESTATS /**/
#define HAVE_STRTOUL 1
#define HAVE_STRTOUQ 1
#define HAVE_STRTOULL 1
#define HAVE_STRTOLL 1
#define WITH_SSL 1
#define IRCBOT /**/

configure: exit 0
